http://www.g20chn.org/dtxw/201611/t20161125_3534.html
http://www.g20chn.org/dtxw/201609/t20160905_3384.html
http://www.g20chn.org/dtxw/201609/t20160904_3359.html
http://www.g20chn.org/dtxw/201609/t20160905_3363.html
http://www.g20chn.org/dtxw/201610/t20161027_3527.html
http://www.g20chn.org/dtxw/201610/t20161027_3526.html
http://www.g20chn.org/dtxw/201610/t20161019_3511.html
http://www.g20chn.org/dtxw/201609/t20160907_3403.html
http://www.g20chn.org/dtxw/201609/t20160906_3394.html
http://www.g20chn.org/dtxw/201609/t20160904_3341.html
http://www.g20chn.org/dtxw/201609/t20160905_3383.html
http://www.g20chn.org/dtxw/201609/t20160903_3308.html
http://www.g20chn.org/dtxw/201609/t20160903_3305.html
http://www.g20chn.org/dtxw/201609/t20160901_3267.html
http://www.g20chn.org/dtxw/201608/t20160825_3219.html
http://www.g20chn.org/dtxw/201608/t20160816_3165.html
http://www.g20chn.org/dtxw/201608/t20160815_3164.html
http://www.g20chn.org/dtxw/201608/t20160804_3111.html
http://www.g20chn.org/dtxw/201608/t20160804_3109.html
http://www.g20chn.org/dtxw/201607/t20160728_3090.html
http://www.g20chn.org/dtxw/201607/t20160725_3064.html
http://www.g20chn.org/dtxw/201607/t20160707_3038.html
http://www.g20chn.org/dtxw/201606/t20160628_2337.html
http://www.g20chn.org/dtxw/201606/t20160628_2331.html
http://www.g20chn.org/dtxw/201606/t20160627_2330.html
http://www.g20chn.org/dtxw/201606/t20160627_2329.html
http://www.g20chn.org/dtxw/201606/t20160624_2323.html
http://g20chn.org/dtxw/201511/t20151120_1328.html
http://g20chn.org/dtxw/201606/t20160608_2296.html
http://g20chn.org/dtxw/201604/t20160418_2242.html
http://g20chn.org/dtxw/201603/t20160325_2213.html
http://www.g20chn.org/hzzd/zybzy/201607/t20160725_3070.html
http://www.g20chn.org/hzzd/zybzy/201607/t20160725_3069.html
http://www.g20chn.org/hzzd/zybzy/201609/t20160903_3291.html
http://www.g20chn.org/hzzd/pthdjs/201606/t20160628_2344.html
http://g20chn.org/zjgk/201510/t20151027_877.html
http://g20chn.org/hzgk/cxhz/index.html
http://g20chn.org/zjgk/201510/t20151026_852.html
http://g20chn.org/fwxx/201510/t20151027_901.html
http://g20chn.org/hzgk/rwhz/index.html
http://g20chn.org/gyg20/G20jj/201510/t20151027_871.html
http://g20chn.org/gyg20/ljfhcg/201511/t20151106_1226.html
http://g20chn.org/hywj/lnG20gb/201511/t20151106_1246.html
http://g20chn.org/hzzd/pthdjs/201606/t20160628_2344.html
http://g20chn.org/ldrzyjh/201601/t20160115_2108.html
http://g20chn.org/hywj/lnG20gb/201512/t20151201_1664.html
http://www.g20chn.org/hywj/dncgwj/201609/t20160920_3475.html
http://www.g20chn.org/hywj/dncgwj/201609/t20160920_3474.html
http://www.g20chn.org/hywj/dncgwj/201609/t20160920_3473.html
